0 info it worked if it ends with ok
1 verbose cli [ 'C:\\Program Files\\nodejs\\node.exe',
1 verbose cli   'C:\\Program Files\\nodejs\\node_modules\\npm\\bin\\npm-cli.js',
1 verbose cli   'install',
1 verbose cli   '--global',
1 verbose cli   '--production',
1 verbose cli   'npm-windows-upgrade' ]
2 info using npm@3.10.10
3 info using node@v6.11.0
4 silly loadCurrentTree Starting
5 silly install loadCurrentTree
6 silly install readGlobalPackageData
7 silly fetchPackageMetaData npm-windows-upgrade
8 silly fetchNamedPackageData npm-windows-upgrade
9 silly mapToRegistry name npm-windows-upgrade
10 silly mapToRegistry using default registry
11 silly mapToRegistry registry http://registry.npmjs.org/
12 silly mapToRegistry data Result {
12 silly mapToRegistry   raw: 'npm-windows-upgrade',
12 silly mapToRegistry   scope: null,
12 silly mapToRegistry   escapedName: 'npm-windows-upgrade',
12 silly mapToRegistry   name: 'npm-windows-upgrade',
12 silly mapToRegistry   rawSpec: '',
12 silly mapToRegistry   spec: 'latest',
12 silly mapToRegistry   type: 'tag' }
13 silly mapToRegistry uri http://registry.npmjs.org/npm-windows-upgrade
14 verbose request uri http://registry.npmjs.org/npm-windows-upgrade
15 verbose request no auth needed
16 info attempt registry request try #1 at 10:25:24 PM
17 verbose request id e86cd9b6537150bf
18 verbose etag W/"59381d73-1f028"
19 verbose lastModified Wed, 07 Jun 2017 15:36:19 GMT
20 http request GET http://registry.npmjs.org/npm-windows-upgrade
21 http 304 http://registry.npmjs.org/npm-windows-upgrade
22 verbose headers { date: 'Mon, 03 Jul 2017 16:55:26 GMT',
22 verbose headers   via: '1.1 varnish',
22 verbose headers   'cache-control': 'max-age=300',
22 verbose headers   etag: 'W/"59381d73-1f028"',
22 verbose headers   age: '175',
22 verbose headers   connection: 'keep-alive',
22 verbose headers   'x-served-by': 'cache-ams4446-AMS',
22 verbose headers   'x-cache': 'HIT',
22 verbose headers   'x-cache-hits': '1',
22 verbose headers   'x-timer': 'S1499100926.118400,VS0,VE0',
22 verbose headers   vary: 'Accept-Encoding' }
23 silly get cb [ 304,
23 silly get   { date: 'Mon, 03 Jul 2017 16:55:26 GMT',
23 silly get     via: '1.1 varnish',
23 silly get     'cache-control': 'max-age=300',
23 silly get     etag: 'W/"59381d73-1f028"',
23 silly get     age: '175',
23 silly get     connection: 'keep-alive',
23 silly get     'x-served-by': 'cache-ams4446-AMS',
23 silly get     'x-cache': 'HIT',
23 silly get     'x-cache-hits': '1',
23 silly get     'x-timer': 'S1499100926.118400,VS0,VE0',
23 silly get     vary: 'Accept-Encoding' } ]
24 verbose etag http://registry.npmjs.org/npm-windows-upgrade from cache
25 verbose get saving npm-windows-upgrade to C:\Users\v\AppData\Roaming\npm-cache\registry.npmjs.org\npm-windows-upgrade\.cache.json
26 verbose correctMkdir C:\Users\v\AppData\Roaming\npm-cache correctMkdir not in flight; initializing
27 silly install normalizeTree
28 silly loadCurrentTree Finishing
29 silly loadIdealTree Starting
30 silly install loadIdealTree
31 silly cloneCurrentTree Starting
32 silly install cloneCurrentTreeToIdealTree
33 silly cloneCurrentTree Finishing
34 silly loadShrinkwrap Starting
35 silly install loadShrinkwrap
36 silly loadShrinkwrap Finishing
37 silly loadAllDepsIntoIdealTree Starting
38 silly install loadAllDepsIntoIdealTree
39 silly resolveWithNewModule npm-windows-upgrade@4.0.1 checking installable status
40 silly cache add args [ 'npm-windows-upgrade', null ]
41 verbose cache add spec npm-windows-upgrade
42 silly cache add parsed spec Result {
42 silly cache add   raw: 'npm-windows-upgrade',
42 silly cache add   scope: null,
42 silly cache add   escapedName: 'npm-windows-upgrade',
42 silly cache add   name: 'npm-windows-upgrade',
42 silly cache add   rawSpec: '',
42 silly cache add   spec: 'latest',
42 silly cache add   type: 'tag' }
43 silly addNamed npm-windows-upgrade@latest
44 verbose addNamed "latest" is being treated as a dist-tag for npm-windows-upgrade
45 info addNameTag [ 'npm-windows-upgrade', 'latest' ]
46 silly mapToRegistry name npm-windows-upgrade
47 silly mapToRegistry using default registry
48 silly mapToRegistry registry http://registry.npmjs.org/
49 silly mapToRegistry data Result {
49 silly mapToRegistry   raw: 'npm-windows-upgrade',
49 silly mapToRegistry   scope: null,
49 silly mapToRegistry   escapedName: 'npm-windows-upgrade',
49 silly mapToRegistry   name: 'npm-windows-upgrade',
49 silly mapToRegistry   rawSpec: '',
49 silly mapToRegistry   spec: 'latest',
49 silly mapToRegistry   type: 'tag' }
50 silly mapToRegistry uri http://registry.npmjs.org/npm-windows-upgrade
51 verbose addNameTag registry:http://registry.npmjs.org/npm-windows-upgrade not in flight; fetching
52 verbose get http://registry.npmjs.org/npm-windows-upgrade not expired, no request
53 silly addNameTag next cb for npm-windows-upgrade with tag latest
54 silly addNamed npm-windows-upgrade@4.0.1
55 verbose addNamed "4.0.1" is a plain semver version for npm-windows-upgrade
56 silly mapToRegistry name npm-windows-upgrade
57 silly mapToRegistry using default registry
58 silly mapToRegistry registry http://registry.npmjs.org/
59 silly mapToRegistry data Result {
59 silly mapToRegistry   raw: 'npm-windows-upgrade',
59 silly mapToRegistry   scope: null,
59 silly mapToRegistry   escapedName: 'npm-windows-upgrade',
59 silly mapToRegistry   name: 'npm-windows-upgrade',
59 silly mapToRegistry   rawSpec: '',
59 silly mapToRegistry   spec: 'latest',
59 silly mapToRegistry   type: 'tag' }
60 silly mapToRegistry uri http://registry.npmjs.org/npm-windows-upgrade
61 verbose addRemoteTarball http://registry.npmjs.org/npm-windows-upgrade/-/npm-windows-upgrade-4.0.1.tgz not in flight; adding
62 verbose addRemoteTarball [ 'http://registry.npmjs.org/npm-windows-upgrade/-/npm-windows-upgrade-4.0.1.tgz',
62 verbose addRemoteTarball   'c7534efd848aecff97e689b06576f8da64306ab2' ]
63 verbose stack Error: kill ENOSYS
63 verbose stack     at exports._errnoException (util.js:1018:11)
63 verbose stack     at process.kill (internal/process.js:190:13)
63 verbose stack     at process.listener (C:\Program Files\nodejs\node_modules\npm\node_modules\npmlog\node_modules\gauge\node_modules\signal-exit\index.js:86:15)
63 verbose stack     at emitNone (events.js:91:20)
63 verbose stack     at process.emit (events.js:185:7)
63 verbose stack     at processEmit (C:\Program Files\nodejs\node_modules\npm\node_modules\npmlog\node_modules\gauge\node_modules\signal-exit\index.js:146:32)
63 verbose stack     at processEmit (C:\Program Files\nodejs\node_modules\npm\node_modules\npm-registry-client\node_modules\npmlog\node_modules\gauge\node_modules\signal-exit\index.js:146:32)
63 verbose stack     at Signal.wrap.onsignal (internal/process.js:217:44)
64 verbose cwd C:\xampp\htdocs\nodejs
65 error Windows_NT 10.0.15063
66 error argv "C:\\Program Files\\nodejs\\node.exe" "C:\\Program Files\\nodejs\\node_modules\\npm\\bin\\npm-cli.js" "install" "--global" "--production" "npm-windows-upgrade"
67 error node v6.11.0
68 error npm  v3.10.10
69 error code ENOSYS
70 error errno ENOSYS
71 error syscall kill
72 error kill ENOSYS
73 error If you need help, you may report this error at:
73 error     <https://github.com/npm/npm/issues>
74 verbose exit [ 1, true ]
